<?xml version="1.0" encoding="UTF-8"?>
<!-- Generated by org.testng.reporters.JUnitReportReporter -->
<testsuite hostname="IBM-5HBS2F3" failures="0" tests="1" name="Ecom_Demo.Ecom_Demo.Clothes" time="27.923" errors="0" timestamp="2024-12-20T16:57:36 IST" skipped="0">
  <testcase classname="Ecom_Demo.Ecom_Demo.Clothes" name="clothes_men" time="27.923"/>
</testsuite> <!-- Ecom_Demo.Ecom_Demo.Clothes -->
