<?xml version="1.0" encoding="UTF-8"?>
<!-- Generated by org.testng.reporters.JUnitReportReporter -->
<testsuite hostname="IBM-5HBS2F3" failures="0" tests="1" name="Ecom_Demo.Ecom_Demo.HomePage" time="12.180" errors="0" timestamp="2024-12-25T12:23:38 IST" skipped="0">
  <testcase classname="Ecom_Demo.Ecom_Demo.HomePage" name="HomePage" time="12.180"/>
</testsuite> <!-- Ecom_Demo.Ecom_Demo.HomePage -->
