<?xml version="1.0" encoding="UTF-8"?>
<!-- Generated by org.testng.reporters.JUnitReportReporter -->
<testsuite hostname="IBM-5HBS2F3" failures="0" tests="1" name="Ecom_Demo.Ecom_Demo.Accessories" time="23.398" errors="0" timestamp="2024-12-20T16:57:36 IST" skipped="0">
  <testcase classname="Ecom_Demo.Ecom_Demo.Accessories" name="Accesories_Test" time="23.398"/>
</testsuite> <!-- Ecom_Demo.Ecom_Demo.Accessories -->
