<?xml version="1.0" encoding="UTF-8"?>
<!-- Generated by org.testng.reporters.JUnitReportReporter -->
<testsuite hostname="IBM-5HBS2F3" failures="0" tests="2" name="Sections.testng_trials" time="0.036" errors="0" timestamp="2025-01-02T12:38:46 IST" skipped="0">
  <testcase classname="Sections.testng_trials" name="Desktop_AddItem" time="0.034"/>
  <testcase classname="Sections.testng_trials" name="Desktop_Login" time="0.002"/>
</testsuite> <!-- Sections.testng_trials -->
